<?xml version="1.0" encoding="UTF-8"?>
<testsuite xmlns:xsi="http://www.w3.org/2001/XMLSchema-instance" xsi:noNamespaceSchemaLocation="https://maven.apache.org/surefire/maven-surefire-plugin/xsd/surefire-test-report-3.0.xsd" version="3.0" name="com.coding.sep29.Sep29ApplicationTests" time="1.394" tests="1" errors="0" skipped="0" failures="0">
  <properties>
[...]
</properties>
  <testcase name="contextLoads" classname="com.coding.sep29.Sep29ApplicationTests" time="0.417">
    <system-out><![CDATA[13:38:29.009 [main] INFO org.springframework.test.context.support.AnnotationConfigContextLoaderUtils -- Could not detect default configuration classes for test class [com.coding.sep29.Sep29ApplicationTests]: Sep29ApplicationTests does not declare any static, non-private, non-final, nested classes annotated with @Configuration.
13:38:29.059 [main] INFO org.springframework.boot.test.context.SpringBootTestContextBootstrapper -- Found @SpringBootConfiguration com.coding.sep29.Sep29Application for test class com.coding.sep29.Sep29ApplicationTests

  .   ____          _            __ _ _
 /\\ / ___'_ __ _ _(_)_ __  __ _ \ \ \ \
( ( )\___ | '_ | '_| | '_ \/ _` | \ \ \ \
 \\/  ___)| |_)| | | | | || (_| |  ) ) ) )
  '  |____| .__|_| |_|_| |_\__, | / / / /
 =========|_|==============|___/=/_/_/_/
 :: Spring Boot ::             (v3.2.0-M3)

2023-09-29T13:38:29.220+08:00  INFO 15401 --- [           main] com.coding.sep29.Sep29ApplicationTests   : Starting Sep29ApplicationTests using Java 20.0.1 with PID 15401 (started by naveenvivek in /Users/naveenvivek/IdeaProjects/29Sep/codingsession/29sepcoding)
2023-09-29T13:38:29.220+08:00  INFO 15401 --- [           main] com.coding.sep29.Sep29ApplicationTests   : No active profile set, falling back to 1 default profile: "default"
2023-09-29T13:38:29.826+08:00  INFO 15401 --- [           main] o.s.b.a.e.web.EndpointLinksResolver      : Exposing 1 endpoint(s) beneath base path '/actuator'
2023-09-29T13:38:29.858+08:00  INFO 15401 --- [           main] com.coding.sep29.Sep29ApplicationTests   : Started Sep29ApplicationTests in 0.742 seconds (process running for 1.143)
]]></system-out>
  </testcase>
</testsuite>